Start testing: Jun 14 22:08 ???????? ?????? (????)
----------------------------------------------------------
1/10 Testing: test_baby_skyrme
1/10 Test: test_baby_skyrme
Command: "C:/Users/rjhce/Desktop/solitonkit/solitonkit/out/build/x64-debug/test_baby_skyrme.exe"
Directory: C:/Users/rjhce/Desktop/solitonkit/solitonkit/out/build/x64-debug
"test_baby_skyrme" start time: Jun 14 22:08 ???????? ?????? (????)
Output:
----------------------------------------------------------
BabySkyrmeModel and BabySkyrmeGradientFlow tests passed
Energy before = 161.294
Energy after  = 161.035
<end of output>
Test time =   0.02 sec
----------------------------------------------------------
Test Passed.
"test_baby_skyrme" end time: Jun 14 22:08 ???????? ?????? (????)
"test_baby_skyrme" time elapsed: 00:00:00
----------------------------------------------------------

2/10 Testing: test_csv_writer
2/10 Test: test_csv_writer
Command: "C:/Users/rjhce/Desktop/solitonkit/solitonkit/out/build/x64-debug/test_csv_writer.exe"
Directory: C:/Users/rjhce/Desktop/solitonkit/solitonkit/out/build/x64-debug
"test_csv_writer" start time: Jun 14 22:08 ???????? ?????? (????)
Output:
----------------------------------------------------------
CSVWriter tests passed successfully
<end of output>
Test time =   0.03 sec
----------------------------------------------------------
Test Passed.
"test_csv_writer" end time: Jun 14 22:08 ???????? ?????? (????)
"test_csv_writer" time elapsed: 00:00:00
----------------------------------------------------------

3/10 Testing: test_gradient_flow
3/10 Test: test_gradient_flow
Command: "C:/Users/rjhce/Desktop/solitonkit/solitonkit/out/build/x64-debug/test_gradient_flow.exe"
Directory: C:/Users/rjhce/Desktop/solitonkit/solitonkit/out/build/x64-debug
"test_gradient_flow" start time: Jun 14 22:08 ???????? ?????? (????)
Output:
----------------------------------------------------------
GradientFlow tests passed successfully
Energy before = 1
Energy after  = 0.0237107
<end of output>
Test time =   0.02 sec
----------------------------------------------------------
Test Passed.
"test_gradient_flow" end time: Jun 14 22:08 ???????? ?????? (????)
"test_gradient_flow" time elapsed: 00:00:00
----------------------------------------------------------

4/10 Testing: test_lattice2d
4/10 Test: test_lattice2d
Command: "C:/Users/rjhce/Desktop/solitonkit/solitonkit/out/build/x64-debug/test_lattice2d.exe"
Directory: C:/Users/rjhce/Desktop/solitonkit/solitonkit/out/build/x64-debug
"test_lattice2d" start time: Jun 14 22:08 ???????? ?????? (????)
Output:
----------------------------------------------------------
Lattice2D tests passed successfully
<end of output>
Test time =   0.01 sec
----------------------------------------------------------
Test Passed.
"test_lattice2d" end time: Jun 14 22:08 ???????? ?????? (????)
"test_lattice2d" time elapsed: 00:00:00
----------------------------------------------------------

5/10 Testing: test_o3field
5/10 Test: test_o3field
Command: "C:/Users/rjhce/Desktop/solitonkit/solitonkit/out/build/x64-debug/test_o3field.exe"
Directory: C:/Users/rjhce/Desktop/solitonkit/solitonkit/out/build/x64-debug
"test_o3field" start time: Jun 14 22:08 ???????? ?????? (????)
Output:
----------------------------------------------------------
O3Field tests passed successfully
<end of output>
Test time =   0.01 sec
----------------------------------------------------------
Test Passed.
"test_o3field" end time: Jun 14 22:08 ???????? ?????? (????)
"test_o3field" time elapsed: 00:00:00
----------------------------------------------------------

6/10 Testing: test_o3sigma
6/10 Test: test_o3sigma
Command: "C:/Users/rjhce/Desktop/solitonkit/solitonkit/out/build/x64-debug/test_o3sigma.exe"
Directory: C:/Users/rjhce/Desktop/solitonkit/solitonkit/out/build/x64-debug
"test_o3sigma" start time: Jun 14 22:08 ???????? ?????? (????)
Output:
----------------------------------------------------------
O3SigmaModel tests passed successfully
<end of output>
Test time =   0.01 sec
----------------------------------------------------------
Test Passed.
"test_o3sigma" end time: Jun 14 22:08 ???????? ?????? (????)
"test_o3sigma" time elapsed: 00:00:00
----------------------------------------------------------

7/10 Testing: test_skyrmion_ansatz
7/10 Test: test_skyrmion_ansatz
Command: "C:/Users/rjhce/Desktop/solitonkit/solitonkit/out/build/x64-debug/test_skyrmion_ansatz.exe"
Directory: C:/Users/rjhce/Desktop/solitonkit/solitonkit/out/build/x64-debug
"test_skyrmion_ansatz" start time: Jun 14 22:08 ???????? ?????? (????)
Output:
----------------------------------------------------------
SkyrmionAnsatz tests passed successfully
Q skyrmion      = 0.9785
Q anti-skyrmion = -0.9785
Energy          = 31.0826
<end of output>
Test time =   0.02 sec
----------------------------------------------------------
Test Passed.
"test_skyrmion_ansatz" end time: Jun 14 22:08 ???????? ?????? (????)
"test_skyrmion_ansatz" time elapsed: 00:00:00
----------------------------------------------------------

8/10 Testing: test_topological_charge
8/10 Test: test_topological_charge
Command: "C:/Users/rjhce/Desktop/solitonkit/solitonkit/out/build/x64-debug/test_topological_charge.exe"
Directory: C:/Users/rjhce/Desktop/solitonkit/solitonkit/out/build/x64-debug
"test_topological_charge" start time: Jun 14 22:08 ???????? ?????? (????)
Output:
----------------------------------------------------------
TopologicalCharge tests passed successfully
<end of output>
Test time =   0.01 sec
----------------------------------------------------------
Test Passed.
"test_topological_charge" end time: Jun 14 22:08 ???????? ?????? (????)
"test_topological_charge" time elapsed: 00:00:00
----------------------------------------------------------

9/10 Testing: test_vec3
9/10 Test: test_vec3
Command: "C:/Users/rjhce/Desktop/solitonkit/solitonkit/out/build/x64-debug/test_vec3.exe"
Directory: C:/Users/rjhce/Desktop/solitonkit/solitonkit/out/build/x64-debug
"test_vec3" start time: Jun 14 22:08 ???????? ?????? (????)
Output:
----------------------------------------------------------
All tests passed!
<end of output>
Test time =   0.01 sec
----------------------------------------------------------
Test Passed.
"test_vec3" end time: Jun 14 22:08 ???????? ?????? (????)
"test_vec3" time elapsed: 00:00:00
----------------------------------------------------------

10/10 Testing: test_python_io_animation
10/10 Test: test_python_io_animation
Command: "C:/Users/rjhce/AppData/Local/Python/pythoncore-3.14-64/python.exe" "C:/Users/rjhce/Desktop/solitonkit/solitonkit/tests/test_python_io_animation.py" "-v"
Directory: C:/Users/rjhce/Desktop/solitonkit/solitonkit/out/build/x64-debug
"test_python_io_animation" start time: Jun 14 22:08 ???????? ?????? (????)
Output:
----------------------------------------------------------
test_cli_workflow (__main__.FieldIoAnimationTests.test_cli_workflow) ... ok
test_flow_snapshots_and_gif (__main__.FieldIoAnimationTests.test_flow_snapshots_and_gif) ... ok
test_npz_round_trip (__main__.FieldIoAnimationTests.test_npz_round_trip) ... ok
test_skyrmion_charge_parameter_matches_observable (__main__.FieldIoAnimationTests.test_skyrmion_charge_parameter_matches_observable) ... ok

----------------------------------------------------------------------
Ran 4 tests in 0.735s

OK
saved field: C:\Users\rjhce\AppData\Local\Temp\tmp53s1a4x6\initial.npz
topological charge: 0.894645224216
saved relaxed field: C:\Users\rjhce\AppData\Local\Temp\tmp53s1a4x6\relaxed.npz
final energy: 81.3633656373
final topological charge: 0.894703610642
saved plot: C:\Users\rjhce\AppData\Local\Temp\tmp53s1a4x6\relaxed.png
<end of output>
Test time =   1.80 sec
----------------------------------------------------------
Test Passed.
"test_python_io_animation" end time: Jun 14 22:08 ???????? ?????? (????)
"test_python_io_animation" time elapsed: 00:00:01
----------------------------------------------------------

End testing: Jun 14 22:08 ???????? ?????? (????)
